nohup: ignoring input
INFO:     Started server process [240959]
INFO:     Waiting for application startup.
INFO:     Application startup complete.
INFO:     Uvicorn running on http://0.0.0.0:8002 (Press CTRL+C to quit)
INFO:     176.126.51.99:2917 - "GET / HTTP/1.1" 200 OK
INFO:__main__:=== www.onlinetrade.ru | Ищем: '2RS' ===
INFO:__main__:❌ Товар '2RS' не найден
INFO:__main__:=== btk-russia.ru | Ищем: '2RS' ===
INFO:__main__:✅ Цена по .price: 286.29 руб.
INFO:__main__:=== iskra-rus.ru | Ищем: '2RS' ===
INFO:__main__:✅ iskra-rus: цена 154 руб.
INFO:__main__:=== sf2v.ru | Ищем: '2RS' ===
INFO:__main__:✅ Найдена минимальная цена: 74 руб.
INFO:__main__:=== spb.snabservis.ru | Ищем: '2RS' ===
INFO:__main__:✅ Цена по .card__item-price: 24 руб.
INFO:     176.126.51.99:2827 - "POST /scrape HTTP/1.1" 200 OK
INFO:__main__:=== www.onlinetrade.ru | Ищем: '2RS' ===
INFO:__main__:❌ Товар '2RS' не найден
INFO:__main__:=== spb.snabservis.ru | Ищем: '2RS' ===
INFO:__main__:✅ Цена по .card__item-price: 24 руб.
INFO:__main__:=== sf2v.ru | Ищем: '2RS' ===
INFO:__main__:✅ Найдена минимальная цена: 74 руб.
INFO:__main__:=== btk-russia.ru | Ищем: '2RS' ===
INFO:__main__:✅ Цена по .price: 286.29 руб.
INFO:__main__:=== iskra-rus.ru | Ищем: '2RS' ===
INFO:__main__:✅ iskra-rus: цена 154 руб.
INFO:__main__:=== iskra-rus.ru | Ищем: '2RS' ===
INFO:__main__:✅ iskra-rus: цена 24 руб.
INFO:     176.126.51.99:2859 - "POST /scrape HTTP/1.1" 200 OK
INFO:__main__:=== www.onlinetrade.ru | Ищем: 'Подшипник' ===
INFO:__main__:❌ Товар 'Подшипник' не найден
INFO:__main__:=== spb.snabservis.ru | Ищем: 'Подшипник' ===
INFO:__main__:✅ Цена по .card__item-price: 24 руб.
INFO:__main__:=== sf2v.ru | Ищем: 'Подшипник' ===
INFO:__main__:✅ Найдена минимальная цена: 74 руб.
INFO:__main__:=== btk-russia.ru | Ищем: 'Подшипник' ===
INFO:__main__:✅ Цена по .price: 286.29 руб.
INFO:__main__:=== iskra-rus.ru | Ищем: 'Подшипник' ===
INFO:__main__:✅ iskra-rus: цена 154 руб.
INFO:__main__:=== iskra-rus.ru | Ищем: 'Подшипник' ===
INFO:__main__:✅ iskra-rus: цена 24 руб.
INFO:     176.126.51.99:2871 - "POST /scrape HTTP/1.1" 200 OK
INFO:__main__:=== www.onlinetrade.ru | Ищем: 'Подшипник6' ===
INFO:__main__:❌ Товар 'Подшипник6' не найден
INFO:__main__:=== spb.snabservis.ru | Ищем: 'Подшипник6' ===
INFO:__main__:✅ Цена по .card__item-price: 24 руб.
INFO:__main__:=== sf2v.ru | Ищем: 'Подшипник6' ===
INFO:__main__:✅ Найдена минимальная цена: 74 руб.
INFO:__main__:=== btk-russia.ru | Ищем: 'Подшипник6' ===
INFO:__main__:✅ Цена по .price: 286.29 руб.
INFO:__main__:=== iskra-rus.ru | Ищем: 'Подшипник6' ===
INFO:__main__:✅ iskra-rus: цена 24 руб.
INFO:__main__:=== iskra-rus.ru | Ищем: 'Подшипник6' ===
INFO:__main__:✅ iskra-rus: цена 154 руб.
INFO:     176.126.51.99:2889 - "POST /scrape HTTP/1.1" 200 OK
INFO:     85.217.140.51:48090 - "GET / HTTP/1.1" 200 OK
INFO:     176.126.51.99:2842 - "GET / HTTP/1.1" 200 OK
INFO:__main__:=== www.onlinetrade.ru | Ищем: 'пвпвап' ===
INFO:__main__:❌ Товар 'пвпвап' не найден
INFO:__main__:=== spb.snabservis.ru | Ищем: 'пвпвап' ===
INFO:__main__:✅ Цена по .card__item-price: 24 руб.
INFO:__main__:=== sf2v.ru | Ищем: 'пвпвап' ===
INFO:__main__:✅ Найдена минимальная цена: 74 руб.
INFO:__main__:=== btk-russia.ru | Ищем: 'пвпвап' ===
INFO:__main__:✅ Цена по .price: 286.29 руб.
INFO:__main__:=== iskra-rus.ru | Ищем: 'пвпвап' ===
INFO:__main__:✅ iskra-rus: цена 154 руб.
INFO:     176.126.51.99:2934 - "POST /scrape HTTP/1.1" 200 OK
